2022-04-11 14:21:27,107 INFO [main] o.a.n.b.NotificationServiceManager Successfully loaded the following 0 services: []
2022-04-11 14:21:27,123 INFO [main] org.apache.nifi.bootstrap.RunNiFi Registered no Notification Services for Notification Type NIFI_STARTED
2022-04-11 14:21:27,123 INFO [main] org.apache.nifi.bootstrap.RunNiFi Registered no Notification Services for Notification Type NIFI_STOPPED
2022-04-11 14:21:27,123 INFO [main] org.apache.nifi.bootstrap.RunNiFi Registered no Notification Services for Notification Type NIFI_DIED
2022-04-11 14:21:27,123 INFO [main] org.apache.nifi.bootstrap.RunNiFi Runtime Java version: 1.8.0_211
2022-04-11 14:21:27,145 INFO [main] org.apache.nifi.bootstrap.Command Generating Self-Signed Certificate: Expires on 2022-06-10
2022-04-11 14:21:29,875 INFO [main] org.apache.nifi.bootstrap.Command Generated Self-Signed Certificate SHA-256: B848AB93387956BA55388D2CE2DAA1CB98D24266CF5CFF67446EBC6AB37CF4E1
2022-04-11 14:21:29,893 INFO [main] org.apache.nifi.bootstrap.Command Starting Apache NiFi...
2022-04-11 14:21:29,893 INFO [main] org.apache.nifi.bootstrap.Command Working Directory: C:\MONITO~1\nifi
2022-04-11 14:21:29,893 INFO [main] org.apache.nifi.bootstrap.Command Command: java -classpath C:\MONITO~1\nifi\.\conf;C:\MONITO~1\nifi\.\lib\javax.servlet-api-3.1.0.jar;C:\MONITO~1\nifi\.\lib\jcl-over-slf4j-1.7.32.jar;C:\MONITO~1\nifi\.\lib\jetty-schemas-3.1.jar;C:\MONITO~1\nifi\.\lib\jul-to-slf4j-1.7.32.jar;C:\MONITO~1\nifi\.\lib\log4j-over-slf4j-1.7.32.jar;C:\MONITO~1\nifi\.\lib\logback-classic-1.2.9.jar;C:\MONITO~1\nifi\.\lib\logback-core-1.2.9.jar;C:\MONITO~1\nifi\.\lib\nifi-api-1.15.2.jar;C:\MONITO~1\nifi\.\lib\nifi-framework-api-1.15.2.jar;C:\MONITO~1\nifi\.\lib\nifi-nar-utils-1.15.2.jar;C:\MONITO~1\nifi\.\lib\nifi-properties-1.15.2.jar;C:\MONITO~1\nifi\.\lib\nifi-property-utils-1.15.2.jar;C:\MONITO~1\nifi\.\lib\nifi-runtime-1.15.2.jar;C:\MONITO~1\nifi\.\lib\nifi-server-api-1.15.2.jar;C:\MONITO~1\nifi\.\lib\nifi-stateless-api-1.15.2.jar;C:\MONITO~1\nifi\.\lib\nifi-stateless-bootstrap-1.15.2.jar;C:\MONITO~1\nifi\.\lib\slf4j-api-1.7.32.jar -Dorg.apache.jasper.compiler.disablejsr199=true -Xmx512m -Xms512m -Dcurator-log-only-first-connection-issue-as-error-level=true -Djavax.security.auth.useSubjectCredsOnly=true -Djava.security.egd=file:/dev/urandom -Dzookeeper.admin.enableServer=false -Dsun.net.http.allowRestrictedHeaders=true -Djava.net.preferIPv4Stack=true -Djava.awt.headless=true -Djava.protocol.handler.pkgs=sun.net.www.protocol -Dnifi.properties.file.path=C:\MONITO~1\nifi\.\conf\nifi.properties -Dnifi.bootstrap.listen.port=52832 -Dapp=NiFi -Dorg.apache.nifi.bootstrap.config.log.dir=C:\MONITO~1\nifi\bin\..\\logs org.apache.nifi.NiFi 
2022-04-11 14:21:30,179 WARN [main] org.apache.nifi.bootstrap.Command Failed to set permissions so that only the owner can read pid file C:\MONITO~1\nifi\bin\..\run\nifi.pid; this may allows others to have access to the key needed to communicate with NiFi. Permissions should be changed so that only the owner can read this file
2022-04-11 14:21:30,293 WARN [main] org.apache.nifi.bootstrap.Command Failed to set permissions so that only the owner can read status file C:\MONITO~1\nifi\bin\..\run\nifi.status; this may allows others to have access to the key needed to communicate with NiFi. Permissions should be changed so that only the owner can read this file
2022-04-11 14:21:30,356 INFO [main] org.apache.nifi.bootstrap.Command Launched Apache NiFi with Process ID 8428
2022-04-11 14:21:31,026 WARN [NiFi Bootstrap Command Listener] org.apache.nifi.bootstrap.RunNiFi Failed to set permissions so that only the owner can read pid file C:\MONITO~1\nifi\bin\..\run\nifi.pid; this may allows others to have access to the key needed to communicate with NiFi. Permissions should be changed so that only the owner can read this file
2022-04-11 14:21:31,057 WARN [NiFi Bootstrap Command Listener] org.apache.nifi.bootstrap.RunNiFi Failed to set permissions so that only the owner can read status file C:\MONITO~1\nifi\bin\..\run\nifi.status; this may allows others to have access to the key needed to communicate with NiFi. Permissions should be changed so that only the owner can read this file
2022-04-11 14:21:31,095 INFO [NiFi Bootstrap Command Listener] org.apache.nifi.bootstrap.RunNiFi Apache NiFi now running and listening for Bootstrap requests on port 52833
2022-04-11 14:36:17,549 INFO [main] o.a.n.b.NotificationServiceManager Successfully loaded the following 0 services: []
2022-04-11 14:36:17,549 INFO [main] org.apache.nifi.bootstrap.RunNiFi Registered no Notification Services for Notification Type NIFI_STARTED
2022-04-11 14:36:17,549 INFO [main] org.apache.nifi.bootstrap.RunNiFi Registered no Notification Services for Notification Type NIFI_STOPPED
2022-04-11 14:36:17,549 INFO [main] org.apache.nifi.bootstrap.RunNiFi Registered no Notification Services for Notification Type NIFI_DIED
2022-04-11 14:36:17,565 INFO [main] org.apache.nifi.bootstrap.RunNiFi Runtime Java version: 1.8.0_211
2022-04-11 14:36:17,571 INFO [main] org.apache.nifi.bootstrap.Command Starting Apache NiFi...
2022-04-11 14:36:17,571 INFO [main] org.apache.nifi.bootstrap.Command Working Directory: C:\MONITO~1\nifi
2022-04-11 14:36:17,571 INFO [main] org.apache.nifi.bootstrap.Command Command: java -classpath C:\MONITO~1\nifi\.\conf;C:\MONITO~1\nifi\.\lib\javax.servlet-api-3.1.0.jar;C:\MONITO~1\nifi\.\lib\jcl-over-slf4j-1.7.32.jar;C:\MONITO~1\nifi\.\lib\jetty-schemas-3.1.jar;C:\MONITO~1\nifi\.\lib\jul-to-slf4j-1.7.32.jar;C:\MONITO~1\nifi\.\lib\log4j-over-slf4j-1.7.32.jar;C:\MONITO~1\nifi\.\lib\logback-classic-1.2.9.jar;C:\MONITO~1\nifi\.\lib\logback-core-1.2.9.jar;C:\MONITO~1\nifi\.\lib\nifi-api-1.15.2.jar;C:\MONITO~1\nifi\.\lib\nifi-framework-api-1.15.2.jar;C:\MONITO~1\nifi\.\lib\nifi-nar-utils-1.15.2.jar;C:\MONITO~1\nifi\.\lib\nifi-properties-1.15.2.jar;C:\MONITO~1\nifi\.\lib\nifi-property-utils-1.15.2.jar;C:\MONITO~1\nifi\.\lib\nifi-runtime-1.15.2.jar;C:\MONITO~1\nifi\.\lib\nifi-server-api-1.15.2.jar;C:\MONITO~1\nifi\.\lib\nifi-stateless-api-1.15.2.jar;C:\MONITO~1\nifi\.\lib\nifi-stateless-bootstrap-1.15.2.jar;C:\MONITO~1\nifi\.\lib\slf4j-api-1.7.32.jar -Dorg.apache.jasper.compiler.disablejsr199=true -Xmx512m -Xms512m -Dcurator-log-only-first-connection-issue-as-error-level=true -Djavax.security.auth.useSubjectCredsOnly=true -Djava.security.egd=file:/dev/urandom -Dzookeeper.admin.enableServer=false -Dsun.net.http.allowRestrictedHeaders=true -Djava.net.preferIPv4Stack=true -Djava.awt.headless=true -Djava.protocol.handler.pkgs=sun.net.www.protocol -Dnifi.properties.file.path=C:\MONITO~1\nifi\.\conf\nifi.properties -Dnifi.bootstrap.listen.port=53118 -Dapp=NiFi -Dorg.apache.nifi.bootstrap.config.log.dir=C:\MONITO~1\nifi\bin\..\\logs org.apache.nifi.NiFi 
2022-04-11 14:36:17,716 WARN [main] org.apache.nifi.bootstrap.Command Failed to set permissions so that only the owner can read pid file C:\MONITO~1\nifi\bin\..\run\nifi.pid; this may allows others to have access to the key needed to communicate with NiFi. Permissions should be changed so that only the owner can read this file
2022-04-11 14:36:17,752 WARN [main] org.apache.nifi.bootstrap.Command Failed to set permissions so that only the owner can read status file C:\MONITO~1\nifi\bin\..\run\nifi.status; this may allows others to have access to the key needed to communicate with NiFi. Permissions should be changed so that only the owner can read this file
2022-04-11 14:36:17,787 INFO [main] org.apache.nifi.bootstrap.Command Launched Apache NiFi with Process ID 14876
2022-04-11 14:36:18,119 WARN [NiFi Bootstrap Command Listener] org.apache.nifi.bootstrap.RunNiFi Failed to set permissions so that only the owner can read pid file C:\MONITO~1\nifi\bin\..\run\nifi.pid; this may allows others to have access to the key needed to communicate with NiFi. Permissions should be changed so that only the owner can read this file
2022-04-11 14:36:18,166 WARN [NiFi Bootstrap Command Listener] org.apache.nifi.bootstrap.RunNiFi Failed to set permissions so that only the owner can read status file C:\MONITO~1\nifi\bin\..\run\nifi.status; this may allows others to have access to the key needed to communicate with NiFi. Permissions should be changed so that only the owner can read this file
2022-04-11 14:36:18,188 INFO [NiFi Bootstrap Command Listener] org.apache.nifi.bootstrap.RunNiFi Apache NiFi now running and listening for Bootstrap requests on port 53120
2022-04-11 14:40:55,065 INFO [main] o.a.n.b.NotificationServiceManager Successfully loaded the following 0 services: []
2022-04-11 14:40:55,065 INFO [main] org.apache.nifi.bootstrap.RunNiFi Registered no Notification Services for Notification Type NIFI_STARTED
2022-04-11 14:40:55,065 INFO [main] org.apache.nifi.bootstrap.RunNiFi Registered no Notification Services for Notification Type NIFI_STOPPED
2022-04-11 14:40:55,065 INFO [main] org.apache.nifi.bootstrap.RunNiFi Registered no Notification Services for Notification Type NIFI_DIED
2022-04-11 14:40:55,081 INFO [main] org.apache.nifi.bootstrap.RunNiFi Runtime Java version: 1.8.0_211
2022-04-11 14:40:55,096 INFO [main] org.apache.nifi.bootstrap.Command Starting Apache NiFi...
2022-04-11 14:40:55,096 INFO [main] org.apache.nifi.bootstrap.Command Working Directory: C:\MONITO~1\nifi
2022-04-11 14:40:55,096 INFO [main] org.apache.nifi.bootstrap.Command Command: java -classpath C:\MONITO~1\nifi\.\conf;C:\MONITO~1\nifi\.\lib\javax.servlet-api-3.1.0.jar;C:\MONITO~1\nifi\.\lib\jcl-over-slf4j-1.7.32.jar;C:\MONITO~1\nifi\.\lib\jetty-schemas-3.1.jar;C:\MONITO~1\nifi\.\lib\jul-to-slf4j-1.7.32.jar;C:\MONITO~1\nifi\.\lib\log4j-over-slf4j-1.7.32.jar;C:\MONITO~1\nifi\.\lib\logback-classic-1.2.9.jar;C:\MONITO~1\nifi\.\lib\logback-core-1.2.9.jar;C:\MONITO~1\nifi\.\lib\nifi-api-1.15.2.jar;C:\MONITO~1\nifi\.\lib\nifi-framework-api-1.15.2.jar;C:\MONITO~1\nifi\.\lib\nifi-nar-utils-1.15.2.jar;C:\MONITO~1\nifi\.\lib\nifi-properties-1.15.2.jar;C:\MONITO~1\nifi\.\lib\nifi-property-utils-1.15.2.jar;C:\MONITO~1\nifi\.\lib\nifi-runtime-1.15.2.jar;C:\MONITO~1\nifi\.\lib\nifi-server-api-1.15.2.jar;C:\MONITO~1\nifi\.\lib\nifi-stateless-api-1.15.2.jar;C:\MONITO~1\nifi\.\lib\nifi-stateless-bootstrap-1.15.2.jar;C:\MONITO~1\nifi\.\lib\slf4j-api-1.7.32.jar -Dorg.apache.jasper.compiler.disablejsr199=true -Xmx512m -Xms512m -Dcurator-log-only-first-connection-issue-as-error-level=true -Djavax.security.auth.useSubjectCredsOnly=true -Djava.security.egd=file:/dev/urandom -Dzookeeper.admin.enableServer=false -Dsun.net.http.allowRestrictedHeaders=true -Djava.net.preferIPv4Stack=true -Djava.awt.headless=true -Djava.protocol.handler.pkgs=sun.net.www.protocol -Dnifi.properties.file.path=C:\MONITO~1\nifi\.\conf\nifi.properties -Dnifi.bootstrap.listen.port=53251 -Dapp=NiFi -Dorg.apache.nifi.bootstrap.config.log.dir=C:\MONITO~1\nifi\bin\..\\logs org.apache.nifi.NiFi 
2022-04-11 14:40:55,228 WARN [main] org.apache.nifi.bootstrap.Command Failed to set permissions so that only the owner can read pid file C:\MONITO~1\nifi\bin\..\run\nifi.pid; this may allows others to have access to the key needed to communicate with NiFi. Permissions should be changed so that only the owner can read this file
2022-04-11 14:40:55,266 WARN [main] org.apache.nifi.bootstrap.Command Failed to set permissions so that only the owner can read status file C:\MONITO~1\nifi\bin\..\run\nifi.status; this may allows others to have access to the key needed to communicate with NiFi. Permissions should be changed so that only the owner can read this file
2022-04-11 14:40:55,281 INFO [main] org.apache.nifi.bootstrap.Command Launched Apache NiFi with Process ID 13260
2022-04-11 14:40:55,658 WARN [NiFi Bootstrap Command Listener] org.apache.nifi.bootstrap.RunNiFi Failed to set permissions so that only the owner can read pid file C:\MONITO~1\nifi\bin\..\run\nifi.pid; this may allows others to have access to the key needed to communicate with NiFi. Permissions should be changed so that only the owner can read this file
2022-04-11 14:40:55,689 WARN [NiFi Bootstrap Command Listener] org.apache.nifi.bootstrap.RunNiFi Failed to set permissions so that only the owner can read status file C:\MONITO~1\nifi\bin\..\run\nifi.status; this may allows others to have access to the key needed to communicate with NiFi. Permissions should be changed so that only the owner can read this file
2022-04-11 14:40:55,721 INFO [NiFi Bootstrap Command Listener] org.apache.nifi.bootstrap.RunNiFi Apache NiFi now running and listening for Bootstrap requests on port 53252
2022-04-11 14:44:43,112 INFO [main] o.a.n.b.NotificationServiceManager Successfully loaded the following 0 services: []
2022-04-11 14:44:43,112 INFO [main] org.apache.nifi.bootstrap.RunNiFi Registered no Notification Services for Notification Type NIFI_STARTED
2022-04-11 14:44:43,112 INFO [main] org.apache.nifi.bootstrap.RunNiFi Registered no Notification Services for Notification Type NIFI_STOPPED
2022-04-11 14:44:43,112 INFO [main] org.apache.nifi.bootstrap.RunNiFi Registered no Notification Services for Notification Type NIFI_DIED
2022-04-11 14:44:43,128 INFO [main] org.apache.nifi.bootstrap.RunNiFi Runtime Java version: 1.8.0_211
2022-04-11 14:44:43,144 INFO [main] org.apache.nifi.bootstrap.Command Starting Apache NiFi...
2022-04-11 14:44:43,144 INFO [main] org.apache.nifi.bootstrap.Command Working Directory: C:\MONITO~1\nifi
2022-04-11 14:44:43,144 INFO [main] org.apache.nifi.bootstrap.Command Command: java -classpath C:\MONITO~1\nifi\.\conf;C:\MONITO~1\nifi\.\lib\javax.servlet-api-3.1.0.jar;C:\MONITO~1\nifi\.\lib\jcl-over-slf4j-1.7.32.jar;C:\MONITO~1\nifi\.\lib\jetty-schemas-3.1.jar;C:\MONITO~1\nifi\.\lib\jul-to-slf4j-1.7.32.jar;C:\MONITO~1\nifi\.\lib\log4j-over-slf4j-1.7.32.jar;C:\MONITO~1\nifi\.\lib\logback-classic-1.2.9.jar;C:\MONITO~1\nifi\.\lib\logback-core-1.2.9.jar;C:\MONITO~1\nifi\.\lib\nifi-api-1.15.2.jar;C:\MONITO~1\nifi\.\lib\nifi-framework-api-1.15.2.jar;C:\MONITO~1\nifi\.\lib\nifi-nar-utils-1.15.2.jar;C:\MONITO~1\nifi\.\lib\nifi-properties-1.15.2.jar;C:\MONITO~1\nifi\.\lib\nifi-property-utils-1.15.2.jar;C:\MONITO~1\nifi\.\lib\nifi-runtime-1.15.2.jar;C:\MONITO~1\nifi\.\lib\nifi-server-api-1.15.2.jar;C:\MONITO~1\nifi\.\lib\nifi-stateless-api-1.15.2.jar;C:\MONITO~1\nifi\.\lib\nifi-stateless-bootstrap-1.15.2.jar;C:\MONITO~1\nifi\.\lib\slf4j-api-1.7.32.jar -Dorg.apache.jasper.compiler.disablejsr199=true -Xmx512m -Xms512m -Dcurator-log-only-first-connection-issue-as-error-level=true -Djavax.security.auth.useSubjectCredsOnly=true -Djava.security.egd=file:/dev/urandom -Dzookeeper.admin.enableServer=false -Dsun.net.http.allowRestrictedHeaders=true -Djava.net.preferIPv4Stack=true -Djava.awt.headless=true -Djava.protocol.handler.pkgs=sun.net.www.protocol -Dnifi.properties.file.path=C:\MONITO~1\nifi\.\conf\nifi.properties -Dnifi.bootstrap.listen.port=53407 -Dapp=NiFi -Dorg.apache.nifi.bootstrap.config.log.dir=C:\MONITO~1\nifi\bin\..\\logs org.apache.nifi.NiFi 
2022-04-11 14:44:43,266 WARN [main] org.apache.nifi.bootstrap.Command Failed to set permissions so that only the owner can read pid file C:\MONITO~1\nifi\bin\..\run\nifi.pid; this may allows others to have access to the key needed to communicate with NiFi. Permissions should be changed so that only the owner can read this file
2022-04-11 14:44:43,313 WARN [main] org.apache.nifi.bootstrap.Command Failed to set permissions so that only the owner can read status file C:\MONITO~1\nifi\bin\..\run\nifi.status; this may allows others to have access to the key needed to communicate with NiFi. Permissions should be changed so that only the owner can read this file
2022-04-11 14:44:43,351 INFO [main] org.apache.nifi.bootstrap.Command Launched Apache NiFi with Process ID 4040
2022-04-11 14:44:43,683 WARN [NiFi Bootstrap Command Listener] org.apache.nifi.bootstrap.RunNiFi Failed to set permissions so that only the owner can read pid file C:\MONITO~1\nifi\bin\..\run\nifi.pid; this may allows others to have access to the key needed to communicate with NiFi. Permissions should be changed so that only the owner can read this file
2022-04-11 14:44:43,714 WARN [NiFi Bootstrap Command Listener] org.apache.nifi.bootstrap.RunNiFi Failed to set permissions so that only the owner can read status file C:\MONITO~1\nifi\bin\..\run\nifi.status; this may allows others to have access to the key needed to communicate with NiFi. Permissions should be changed so that only the owner can read this file
2022-04-11 14:44:43,752 INFO [NiFi Bootstrap Command Listener] org.apache.nifi.bootstrap.RunNiFi Apache NiFi now running and listening for Bootstrap requests on port 53408
2022-04-11 14:51:20,303 INFO [main] o.a.n.b.NotificationServiceManager Successfully loaded the following 0 services: []
2022-04-11 14:51:20,303 INFO [main] org.apache.nifi.bootstrap.RunNiFi Registered no Notification Services for Notification Type NIFI_STARTED
2022-04-11 14:51:20,303 INFO [main] org.apache.nifi.bootstrap.RunNiFi Registered no Notification Services for Notification Type NIFI_STOPPED
2022-04-11 14:51:20,303 INFO [main] org.apache.nifi.bootstrap.RunNiFi Registered no Notification Services for Notification Type NIFI_DIED
2022-04-11 14:51:20,303 INFO [main] org.apache.nifi.bootstrap.RunNiFi Runtime Java version: 1.8.0_211
2022-04-11 14:51:20,318 INFO [main] org.apache.nifi.bootstrap.Command Starting Apache NiFi...
2022-04-11 14:51:20,318 INFO [main] org.apache.nifi.bootstrap.Command Working Directory: C:\MONITO~1\nifi
2022-04-11 14:51:20,318 INFO [main] org.apache.nifi.bootstrap.Command Command: java -classpath C:\MONITO~1\nifi\.\conf;C:\MONITO~1\nifi\.\lib\javax.servlet-api-3.1.0.jar;C:\MONITO~1\nifi\.\lib\jcl-over-slf4j-1.7.32.jar;C:\MONITO~1\nifi\.\lib\jetty-schemas-3.1.jar;C:\MONITO~1\nifi\.\lib\jul-to-slf4j-1.7.32.jar;C:\MONITO~1\nifi\.\lib\log4j-over-slf4j-1.7.32.jar;C:\MONITO~1\nifi\.\lib\logback-classic-1.2.9.jar;C:\MONITO~1\nifi\.\lib\logback-core-1.2.9.jar;C:\MONITO~1\nifi\.\lib\nifi-api-1.15.2.jar;C:\MONITO~1\nifi\.\lib\nifi-framework-api-1.15.2.jar;C:\MONITO~1\nifi\.\lib\nifi-nar-utils-1.15.2.jar;C:\MONITO~1\nifi\.\lib\nifi-properties-1.15.2.jar;C:\MONITO~1\nifi\.\lib\nifi-property-utils-1.15.2.jar;C:\MONITO~1\nifi\.\lib\nifi-runtime-1.15.2.jar;C:\MONITO~1\nifi\.\lib\nifi-server-api-1.15.2.jar;C:\MONITO~1\nifi\.\lib\nifi-stateless-api-1.15.2.jar;C:\MONITO~1\nifi\.\lib\nifi-stateless-bootstrap-1.15.2.jar;C:\MONITO~1\nifi\.\lib\slf4j-api-1.7.32.jar -Dorg.apache.jasper.compiler.disablejsr199=true -Xmx512m -Xms512m -Dcurator-log-only-first-connection-issue-as-error-level=true -Djavax.security.auth.useSubjectCredsOnly=true -Djava.security.egd=file:/dev/urandom -Dzookeeper.admin.enableServer=false -Dsun.net.http.allowRestrictedHeaders=true -Djava.net.preferIPv4Stack=true -Djava.awt.headless=true -Djava.protocol.handler.pkgs=sun.net.www.protocol -Dnifi.properties.file.path=C:\MONITO~1\nifi\.\conf\nifi.properties -Dnifi.bootstrap.listen.port=53506 -Dapp=NiFi -Dorg.apache.nifi.bootstrap.config.log.dir=C:\MONITO~1\nifi\bin\..\\logs org.apache.nifi.NiFi 
2022-04-11 14:51:20,453 WARN [main] org.apache.nifi.bootstrap.Command Failed to set permissions so that only the owner can read pid file C:\MONITO~1\nifi\bin\..\run\nifi.pid; this may allows others to have access to the key needed to communicate with NiFi. Permissions should be changed so that only the owner can read this file
2022-04-11 14:51:20,503 WARN [main] org.apache.nifi.bootstrap.Command Failed to set permissions so that only the owner can read status file C:\MONITO~1\nifi\bin\..\run\nifi.status; this may allows others to have access to the key needed to communicate with NiFi. Permissions should be changed so that only the owner can read this file
2022-04-11 14:51:20,534 INFO [main] org.apache.nifi.bootstrap.Command Launched Apache NiFi with Process ID 14148
2022-04-11 14:51:20,872 WARN [NiFi Bootstrap Command Listener] org.apache.nifi.bootstrap.RunNiFi Failed to set permissions so that only the owner can read pid file C:\MONITO~1\nifi\bin\..\run\nifi.pid; this may allows others to have access to the key needed to communicate with NiFi. Permissions should be changed so that only the owner can read this file
2022-04-11 14:51:20,904 WARN [NiFi Bootstrap Command Listener] org.apache.nifi.bootstrap.RunNiFi Failed to set permissions so that only the owner can read status file C:\MONITO~1\nifi\bin\..\run\nifi.status; this may allows others to have access to the key needed to communicate with NiFi. Permissions should be changed so that only the owner can read this file
2022-04-11 14:51:20,935 INFO [NiFi Bootstrap Command Listener] org.apache.nifi.bootstrap.RunNiFi Apache NiFi now running and listening for Bootstrap requests on port 53507
2022-04-11 14:55:15,044 INFO [main] o.a.n.b.NotificationServiceManager Successfully loaded the following 0 services: []
2022-04-11 14:55:15,044 INFO [main] org.apache.nifi.bootstrap.RunNiFi Registered no Notification Services for Notification Type NIFI_STARTED
2022-04-11 14:55:15,044 INFO [main] org.apache.nifi.bootstrap.RunNiFi Registered no Notification Services for Notification Type NIFI_STOPPED
2022-04-11 14:55:15,044 INFO [main] org.apache.nifi.bootstrap.RunNiFi Registered no Notification Services for Notification Type NIFI_DIED
2022-04-11 14:55:15,044 INFO [main] org.apache.nifi.bootstrap.RunNiFi Runtime Java version: 1.8.0_211
2022-04-11 14:55:15,066 INFO [main] org.apache.nifi.bootstrap.Command Starting Apache NiFi...
2022-04-11 14:55:15,066 INFO [main] org.apache.nifi.bootstrap.Command Working Directory: C:\MONITO~1\nifi
2022-04-11 14:55:15,066 INFO [main] org.apache.nifi.bootstrap.Command Command: java -classpath C:\MONITO~1\nifi\.\conf;C:\MONITO~1\nifi\.\lib\javax.servlet-api-3.1.0.jar;C:\MONITO~1\nifi\.\lib\jcl-over-slf4j-1.7.32.jar;C:\MONITO~1\nifi\.\lib\jetty-schemas-3.1.jar;C:\MONITO~1\nifi\.\lib\jul-to-slf4j-1.7.32.jar;C:\MONITO~1\nifi\.\lib\log4j-over-slf4j-1.7.32.jar;C:\MONITO~1\nifi\.\lib\logback-classic-1.2.9.jar;C:\MONITO~1\nifi\.\lib\logback-core-1.2.9.jar;C:\MONITO~1\nifi\.\lib\nifi-api-1.15.2.jar;C:\MONITO~1\nifi\.\lib\nifi-framework-api-1.15.2.jar;C:\MONITO~1\nifi\.\lib\nifi-nar-utils-1.15.2.jar;C:\MONITO~1\nifi\.\lib\nifi-properties-1.15.2.jar;C:\MONITO~1\nifi\.\lib\nifi-property-utils-1.15.2.jar;C:\MONITO~1\nifi\.\lib\nifi-runtime-1.15.2.jar;C:\MONITO~1\nifi\.\lib\nifi-server-api-1.15.2.jar;C:\MONITO~1\nifi\.\lib\nifi-stateless-api-1.15.2.jar;C:\MONITO~1\nifi\.\lib\nifi-stateless-bootstrap-1.15.2.jar;C:\MONITO~1\nifi\.\lib\slf4j-api-1.7.32.jar -Dorg.apache.jasper.compiler.disablejsr199=true -Xmx512m -Xms512m -Dcurator-log-only-first-connection-issue-as-error-level=true -Djavax.security.auth.useSubjectCredsOnly=true -Djava.security.egd=file:/dev/urandom -Dzookeeper.admin.enableServer=false -Dsun.net.http.allowRestrictedHeaders=true -Djava.net.preferIPv4Stack=true -Djava.awt.headless=true -Djava.protocol.handler.pkgs=sun.net.www.protocol -Dnifi.properties.file.path=C:\MONITO~1\nifi\.\conf\nifi.properties -Dnifi.bootstrap.listen.port=53656 -Dapp=NiFi -Dorg.apache.nifi.bootstrap.config.log.dir=C:\MONITO~1\nifi\bin\..\\logs org.apache.nifi.NiFi 
2022-04-11 14:55:15,198 WARN [main] org.apache.nifi.bootstrap.Command Failed to set permissions so that only the owner can read pid file C:\MONITO~1\nifi\bin\..\run\nifi.pid; this may allows others to have access to the key needed to communicate with NiFi. Permissions should be changed so that only the owner can read this file
2022-04-11 14:55:15,244 WARN [main] org.apache.nifi.bootstrap.Command Failed to set permissions so that only the owner can read status file C:\MONITO~1\nifi\bin\..\run\nifi.status; this may allows others to have access to the key needed to communicate with NiFi. Permissions should be changed so that only the owner can read this file
2022-04-11 14:55:15,267 INFO [main] org.apache.nifi.bootstrap.Command Launched Apache NiFi with Process ID 12892
2022-04-11 14:55:15,614 WARN [NiFi Bootstrap Command Listener] org.apache.nifi.bootstrap.RunNiFi Failed to set permissions so that only the owner can read pid file C:\MONITO~1\nifi\bin\..\run\nifi.pid; this may allows others to have access to the key needed to communicate with NiFi. Permissions should be changed so that only the owner can read this file
2022-04-11 14:55:15,646 WARN [NiFi Bootstrap Command Listener] org.apache.nifi.bootstrap.RunNiFi Failed to set permissions so that only the owner can read status file C:\MONITO~1\nifi\bin\..\run\nifi.status; this may allows others to have access to the key needed to communicate with NiFi. Permissions should be changed so that only the owner can read this file
2022-04-11 14:55:15,670 INFO [NiFi Bootstrap Command Listener] org.apache.nifi.bootstrap.RunNiFi Apache NiFi now running and listening for Bootstrap requests on port 53657
2022-04-11 14:58:24,846 INFO [main] o.a.n.b.NotificationServiceManager Successfully loaded the following 0 services: []
2022-04-11 14:58:24,861 INFO [main] org.apache.nifi.bootstrap.RunNiFi Registered no Notification Services for Notification Type NIFI_STARTED
2022-04-11 14:58:24,861 INFO [main] org.apache.nifi.bootstrap.RunNiFi Registered no Notification Services for Notification Type NIFI_STOPPED
2022-04-11 14:58:24,861 INFO [main] org.apache.nifi.bootstrap.RunNiFi Registered no Notification Services for Notification Type NIFI_DIED
2022-04-11 14:58:24,861 INFO [main] org.apache.nifi.bootstrap.RunNiFi Runtime Java version: 1.8.0_211
2022-04-11 14:58:24,877 INFO [main] org.apache.nifi.bootstrap.Command Starting Apache NiFi...
2022-04-11 14:58:24,877 INFO [main] org.apache.nifi.bootstrap.Command Working Directory: C:\MONITO~1\nifi
2022-04-11 14:58:24,877 INFO [main] org.apache.nifi.bootstrap.Command Command: java -classpath C:\MONITO~1\nifi\.\conf;C:\MONITO~1\nifi\.\lib\javax.servlet-api-3.1.0.jar;C:\MONITO~1\nifi\.\lib\jcl-over-slf4j-1.7.32.jar;C:\MONITO~1\nifi\.\lib\jetty-schemas-3.1.jar;C:\MONITO~1\nifi\.\lib\jul-to-slf4j-1.7.32.jar;C:\MONITO~1\nifi\.\lib\log4j-over-slf4j-1.7.32.jar;C:\MONITO~1\nifi\.\lib\logback-classic-1.2.9.jar;C:\MONITO~1\nifi\.\lib\logback-core-1.2.9.jar;C:\MONITO~1\nifi\.\lib\nifi-api-1.15.2.jar;C:\MONITO~1\nifi\.\lib\nifi-framework-api-1.15.2.jar;C:\MONITO~1\nifi\.\lib\nifi-nar-utils-1.15.2.jar;C:\MONITO~1\nifi\.\lib\nifi-properties-1.15.2.jar;C:\MONITO~1\nifi\.\lib\nifi-property-utils-1.15.2.jar;C:\MONITO~1\nifi\.\lib\nifi-runtime-1.15.2.jar;C:\MONITO~1\nifi\.\lib\nifi-server-api-1.15.2.jar;C:\MONITO~1\nifi\.\lib\nifi-stateless-api-1.15.2.jar;C:\MONITO~1\nifi\.\lib\nifi-stateless-bootstrap-1.15.2.jar;C:\MONITO~1\nifi\.\lib\slf4j-api-1.7.32.jar -Dorg.apache.jasper.compiler.disablejsr199=true -Xmx512m -Xms512m -Dcurator-log-only-first-connection-issue-as-error-level=true -Djavax.security.auth.useSubjectCredsOnly=true -Djava.security.egd=file:/dev/urandom -Dzookeeper.admin.enableServer=false -Dsun.net.http.allowRestrictedHeaders=true -Djava.net.preferIPv4Stack=true -Djava.awt.headless=true -Djava.protocol.handler.pkgs=sun.net.www.protocol -Dnifi.properties.file.path=C:\MONITO~1\nifi\.\conf\nifi.properties -Dnifi.bootstrap.listen.port=53738 -Dapp=NiFi -Dorg.apache.nifi.bootstrap.config.log.dir=C:\MONITO~1\nifi\bin\..\\logs org.apache.nifi.NiFi 
2022-04-11 14:58:24,999 WARN [main] org.apache.nifi.bootstrap.Command Failed to set permissions so that only the owner can read pid file C:\MONITO~1\nifi\bin\..\run\nifi.pid; this may allows others to have access to the key needed to communicate with NiFi. Permissions should be changed so that only the owner can read this file
2022-04-11 14:58:25,046 WARN [main] org.apache.nifi.bootstrap.Command Failed to set permissions so that only the owner can read status file C:\MONITO~1\nifi\bin\..\run\nifi.status; this may allows others to have access to the key needed to communicate with NiFi. Permissions should be changed so that only the owner can read this file
2022-04-11 14:58:25,077 INFO [main] org.apache.nifi.bootstrap.Command Launched Apache NiFi with Process ID 9360
2022-04-11 14:58:25,416 WARN [NiFi Bootstrap Command Listener] org.apache.nifi.bootstrap.RunNiFi Failed to set permissions so that only the owner can read pid file C:\MONITO~1\nifi\bin\..\run\nifi.pid; this may allows others to have access to the key needed to communicate with NiFi. Permissions should be changed so that only the owner can read this file
2022-04-11 14:58:25,448 WARN [NiFi Bootstrap Command Listener] org.apache.nifi.bootstrap.RunNiFi Failed to set permissions so that only the owner can read status file C:\MONITO~1\nifi\bin\..\run\nifi.status; this may allows others to have access to the key needed to communicate with NiFi. Permissions should be changed so that only the owner can read this file
2022-04-11 14:58:25,479 INFO [NiFi Bootstrap Command Listener] org.apache.nifi.bootstrap.RunNiFi Apache NiFi now running and listening for Bootstrap requests on port 53739
2022-04-11 15:07:58,183 INFO [main] o.a.n.b.NotificationServiceManager Successfully loaded the following 0 services: []
2022-04-11 15:07:58,186 INFO [main] org.apache.nifi.bootstrap.RunNiFi Registered no Notification Services for Notification Type NIFI_STARTED
2022-04-11 15:07:58,186 INFO [main] org.apache.nifi.bootstrap.RunNiFi Registered no Notification Services for Notification Type NIFI_STOPPED
2022-04-11 15:07:58,186 INFO [main] org.apache.nifi.bootstrap.RunNiFi Registered no Notification Services for Notification Type NIFI_DIED
2022-04-11 15:07:58,190 INFO [main] org.apache.nifi.bootstrap.RunNiFi Runtime Java version: 1.8.0_211
2022-04-11 15:07:58,209 INFO [main] org.apache.nifi.bootstrap.Command Starting Apache NiFi...
2022-04-11 15:07:58,209 INFO [main] org.apache.nifi.bootstrap.Command Working Directory: C:\MONITO~1\nifi
2022-04-11 15:07:58,210 INFO [main] org.apache.nifi.bootstrap.Command Command: java -classpath C:\MONITO~1\nifi\.\conf;C:\MONITO~1\nifi\.\lib\javax.servlet-api-3.1.0.jar;C:\MONITO~1\nifi\.\lib\jcl-over-slf4j-1.7.32.jar;C:\MONITO~1\nifi\.\lib\jetty-schemas-3.1.jar;C:\MONITO~1\nifi\.\lib\jul-to-slf4j-1.7.32.jar;C:\MONITO~1\nifi\.\lib\log4j-over-slf4j-1.7.32.jar;C:\MONITO~1\nifi\.\lib\logback-classic-1.2.9.jar;C:\MONITO~1\nifi\.\lib\logback-core-1.2.9.jar;C:\MONITO~1\nifi\.\lib\nifi-api-1.15.2.jar;C:\MONITO~1\nifi\.\lib\nifi-framework-api-1.15.2.jar;C:\MONITO~1\nifi\.\lib\nifi-nar-utils-1.15.2.jar;C:\MONITO~1\nifi\.\lib\nifi-properties-1.15.2.jar;C:\MONITO~1\nifi\.\lib\nifi-property-utils-1.15.2.jar;C:\MONITO~1\nifi\.\lib\nifi-runtime-1.15.2.jar;C:\MONITO~1\nifi\.\lib\nifi-server-api-1.15.2.jar;C:\MONITO~1\nifi\.\lib\nifi-stateless-api-1.15.2.jar;C:\MONITO~1\nifi\.\lib\nifi-stateless-bootstrap-1.15.2.jar;C:\MONITO~1\nifi\.\lib\slf4j-api-1.7.32.jar -Dorg.apache.jasper.compiler.disablejsr199=true -Xmx512m -Xms512m -Dcurator-log-only-first-connection-issue-as-error-level=true -Djavax.security.auth.useSubjectCredsOnly=true -Djava.security.egd=file:/dev/urandom -Dzookeeper.admin.enableServer=false -Dsun.net.http.allowRestrictedHeaders=true -Djava.net.preferIPv4Stack=true -Djava.awt.headless=true -Djava.protocol.handler.pkgs=sun.net.www.protocol -Dnifi.properties.file.path=C:\MONITO~1\nifi\.\conf\nifi.properties -Dnifi.bootstrap.listen.port=53981 -Dapp=NiFi -Dorg.apache.nifi.bootstrap.config.log.dir=C:\MONITO~1\nifi\bin\..\\logs org.apache.nifi.NiFi 
2022-04-11 15:07:58,333 WARN [main] org.apache.nifi.bootstrap.Command Failed to set permissions so that only the owner can read pid file C:\MONITO~1\nifi\bin\..\run\nifi.pid; this may allows others to have access to the key needed to communicate with NiFi. Permissions should be changed so that only the owner can read this file
2022-04-11 15:07:58,380 WARN [main] org.apache.nifi.bootstrap.Command Failed to set permissions so that only the owner can read status file C:\MONITO~1\nifi\bin\..\run\nifi.status; this may allows others to have access to the key needed to communicate with NiFi. Permissions should be changed so that only the owner can read this file
2022-04-11 15:07:58,411 INFO [main] org.apache.nifi.bootstrap.Command Launched Apache NiFi with Process ID 4444
2022-04-11 15:07:58,734 WARN [NiFi Bootstrap Command Listener] org.apache.nifi.bootstrap.RunNiFi Failed to set permissions so that only the owner can read pid file C:\MONITO~1\nifi\bin\..\run\nifi.pid; this may allows others to have access to the key needed to communicate with NiFi. Permissions should be changed so that only the owner can read this file
2022-04-11 15:07:58,765 WARN [NiFi Bootstrap Command Listener] org.apache.nifi.bootstrap.RunNiFi Failed to set permissions so that only the owner can read status file C:\MONITO~1\nifi\bin\..\run\nifi.status; this may allows others to have access to the key needed to communicate with NiFi. Permissions should be changed so that only the owner can read this file
2022-04-11 15:07:58,796 INFO [NiFi Bootstrap Command Listener] org.apache.nifi.bootstrap.RunNiFi Apache NiFi now running and listening for Bootstrap requests on port 53982
2022-04-11 15:11:36,635 INFO [main] o.a.n.b.NotificationServiceManager Successfully loaded the following 0 services: []
2022-04-11 15:11:36,639 INFO [main] org.apache.nifi.bootstrap.RunNiFi Registered no Notification Services for Notification Type NIFI_STARTED
2022-04-11 15:11:36,639 INFO [main] org.apache.nifi.bootstrap.RunNiFi Registered no Notification Services for Notification Type NIFI_STOPPED
2022-04-11 15:11:36,639 INFO [main] org.apache.nifi.bootstrap.RunNiFi Registered no Notification Services for Notification Type NIFI_DIED
2022-04-11 15:11:36,639 INFO [main] org.apache.nifi.bootstrap.RunNiFi Runtime Java version: 1.8.0_211
2022-04-11 15:11:36,663 INFO [main] org.apache.nifi.bootstrap.Command Starting Apache NiFi...
2022-04-11 15:11:36,663 INFO [main] org.apache.nifi.bootstrap.Command Working Directory: C:\MONITO~1\nifi
2022-04-11 15:11:36,664 INFO [main] org.apache.nifi.bootstrap.Command Command: java -classpath C:\MONITO~1\nifi\.\conf;C:\MONITO~1\nifi\.\lib\javax.servlet-api-3.1.0.jar;C:\MONITO~1\nifi\.\lib\jcl-over-slf4j-1.7.32.jar;C:\MONITO~1\nifi\.\lib\jetty-schemas-3.1.jar;C:\MONITO~1\nifi\.\lib\jul-to-slf4j-1.7.32.jar;C:\MONITO~1\nifi\.\lib\log4j-over-slf4j-1.7.32.jar;C:\MONITO~1\nifi\.\lib\logback-classic-1.2.9.jar;C:\MONITO~1\nifi\.\lib\logback-core-1.2.9.jar;C:\MONITO~1\nifi\.\lib\nifi-api-1.15.2.jar;C:\MONITO~1\nifi\.\lib\nifi-framework-api-1.15.2.jar;C:\MONITO~1\nifi\.\lib\nifi-nar-utils-1.15.2.jar;C:\MONITO~1\nifi\.\lib\nifi-properties-1.15.2.jar;C:\MONITO~1\nifi\.\lib\nifi-property-utils-1.15.2.jar;C:\MONITO~1\nifi\.\lib\nifi-runtime-1.15.2.jar;C:\MONITO~1\nifi\.\lib\nifi-server-api-1.15.2.jar;C:\MONITO~1\nifi\.\lib\nifi-stateless-api-1.15.2.jar;C:\MONITO~1\nifi\.\lib\nifi-stateless-bootstrap-1.15.2.jar;C:\MONITO~1\nifi\.\lib\slf4j-api-1.7.32.jar -Dorg.apache.jasper.compiler.disablejsr199=true -Xmx512m -Xms512m -Dcurator-log-only-first-connection-issue-as-error-level=true -Djavax.security.auth.useSubjectCredsOnly=true -Djava.security.egd=file:/dev/urandom -Dzookeeper.admin.enableServer=false -Dsun.net.http.allowRestrictedHeaders=true -Djava.net.preferIPv4Stack=true -Djava.awt.headless=true -Djava.protocol.handler.pkgs=sun.net.www.protocol -Dnifi.properties.file.path=C:\MONITO~1\nifi\.\conf\nifi.properties -Dnifi.bootstrap.listen.port=54055 -Dapp=NiFi -Dorg.apache.nifi.bootstrap.config.log.dir=C:\MONITO~1\nifi\bin\..\\logs org.apache.nifi.NiFi 
2022-04-11 15:11:36,801 WARN [main] org.apache.nifi.bootstrap.Command Failed to set permissions so that only the owner can read pid file C:\MONITO~1\nifi\bin\..\run\nifi.pid; this may allows others to have access to the key needed to communicate with NiFi. Permissions should be changed so that only the owner can read this file
2022-04-11 15:11:36,855 WARN [main] org.apache.nifi.bootstrap.Command Failed to set permissions so that only the owner can read status file C:\MONITO~1\nifi\bin\..\run\nifi.status; this may allows others to have access to the key needed to communicate with NiFi. Permissions should be changed so that only the owner can read this file
2022-04-11 15:11:36,886 INFO [main] org.apache.nifi.bootstrap.Command Launched Apache NiFi with Process ID 16464
2022-04-11 15:11:37,187 WARN [NiFi Bootstrap Command Listener] org.apache.nifi.bootstrap.RunNiFi Failed to set permissions so that only the owner can read pid file C:\MONITO~1\nifi\bin\..\run\nifi.pid; this may allows others to have access to the key needed to communicate with NiFi. Permissions should be changed so that only the owner can read this file
2022-04-11 15:11:37,240 WARN [NiFi Bootstrap Command Listener] org.apache.nifi.bootstrap.RunNiFi Failed to set permissions so that only the owner can read status file C:\MONITO~1\nifi\bin\..\run\nifi.status; this may allows others to have access to the key needed to communicate with NiFi. Permissions should be changed so that only the owner can read this file
2022-04-11 15:11:37,269 INFO [NiFi Bootstrap Command Listener] org.apache.nifi.bootstrap.RunNiFi Apache NiFi now running and listening for Bootstrap requests on port 54056
